#
# There is insufficient memory for the Java Runtime Environment to continue.
# Native memory allocation (mmap) failed to map 65536 bytes. Error detail: Failed to commit metaspace.
# Possible reasons:
#   The system is out of physical RAM or swap space
#   This process is running with CompressedOops enabled, and the Java Heap may be blocking the growth of the native heap
# Possible solutions:
#   Reduce memory load on the system
#   Increase physical memory or swap space
#   Check if swap backing store is full
#   Decrease Java heap size (-Xmx/-Xms)
#   Decrease number of Java threads
#   Decrease Java thread stack sizes (-Xss)
#   Set larger code cache with -XX:ReservedCodeCacheSize=
#   JVM is running with Unscaled Compressed Oops mode in which the Java heap is
#     placed in the first 4GB address space. The Java Heap base address is the
#     maximum limit for the native heap growth. Please use -XX:HeapBaseMinAddress
#     to set the Java Heap base and to place the Java Heap above 4GB virtual address.
# This output file may be truncated or incomplete.
#
#  Out of Memory Error (virtualSpaceNode.cpp:110), pid=16620, tid=20756
#
# JRE version: OpenJDK Runtime Environment Temurin-17.0.12+7 (17.0.12+7) (build 17.0.12+7)
# Java VM: OpenJDK 64-Bit Server VM Temurin-17.0.12+7 (17.0.12+7, mixed mode, tiered, compressed oops, compressed class ptrs, parallel gc, windows-amd64)
# No core dump will be written. Minidumps are not enabled by default on client versions of Windows
#

---------------  S U M M A R Y ------------

Command Line: --add-modules=ALL-SYSTEM --add-opens=java.base/java.util=ALL-UNNAMED --add-opens=java.base/java.lang=ALL-UNNAMED --add-opens=java.base/sun.nio.fs=ALL-UNNAMED -Declipse.application=org.eclipse.jdt.ls.core.id1 -Dosgi.bundles.defaultStartLevel=4 -Declipse.product=org.eclipse.jdt.ls.core.product -Djava.import.generatesMetadataFilesAtProjectRoot=false -DDetectVMInstallationsJob.disabled=true -Dfile.encoding=utf8 -XX:+UseParallelGC -XX:GCTimeRatio=4 -XX:AdaptiveSizePolicyWeight=90 -Dsun.zip.disableMemoryMapping=true -Xmx1G -Xms100m -Xlog:disable -javaagent:c:\Users\LENOVO\.vscode\extensions\redhat.java-1.35.1-win32-x64\lombok\lombok-1.18.33.jar -XX:+HeapDumpOnOutOfMemoryError -XX:HeapDumpPath=c:\Users\LENOVO\AppData\Roaming\Code\User\workspaceStorage\fa2b85ac37f91556cf18506fa7a057c1\redhat.java -Daether.dependencyCollector.impl=bf c:\Users\LENOVO\.vscode\extensions\redhat.java-1.35.1-win32-x64\server\plugins\org.eclipse.equinox.launcher_1.6.900.v20240613-2009.jar -configuration c:\Users\LENOVO\AppData\Roaming\Code\User\globalStorage\redhat.java\1.35.1\config_win -data c:\Users\LENOVO\AppData\Roaming\Code\User\workspaceStorage\fa2b85ac37f91556cf18506fa7a057c1\redhat.java\jdt_ws --pipe=\\.\pipe\lsp-be899caa05c44a007209fca4cdaac483-sock

Host: Intel(R) Core(TM) i5-1035G1 CPU @ 1.00GHz, 8 cores, 15G,  Windows 10 , 64 bit Build 19041 (10.0.19041.4957)
Time: Tue Oct 15 14:51:56 2024 SE Asia Standard Time elapsed time: 0.588776 seconds (0d 0h 0m 0s)

---------------  T H R E A D  ---------------

Current thread (0x0000025b6bf117a0):  JavaThread "main" [_thread_in_vm, id=20756, stack(0x0000007ab0a00000,0x0000007ab0b00000)]

Stack: [0x0000007ab0a00000,0x0000007ab0b00000]
Native frames: (J=compiled Java code, j=interpreted, Vv=VM code, C=native code)
V  [jvm.dll+0x67f929]
V  [jvm.dll+0x8371ba]
V  [jvm.dll+0x838c7e]
V  [jvm.dll+0x8392e3]
V  [jvm.dll+0x24834f]
V  [jvm.dll+0x832e6d]
V  [jvm.dll+0x623e9e]
V  [jvm.dll+0x1c1e3b]
V  [jvm.dll+0x6267ed]
V  [jvm.dll+0x624846]
V  [jvm.dll+0x23db26]
V  [jvm.dll+0x1ec8cb]
V  [jvm.dll+0x1e2261]
V  [jvm.dll+0x54468e]
V  [jvm.dll+0x7b12d2]
V  [jvm.dll+0x7b123a]
V  [jvm.dll+0x411e64]
V  [jvm.dll+0x42564c]
C  [java.dll+0x1657]

Java frames: (J=compiled Java code, j=interpreted, Vv=VM code)
j  java.lang.ClassLoader.defineClass0(Ljava/lang/ClassLoader;Ljava/lang/Class;Ljava/lang/String;[BIILjava/security/ProtectionDomain;ZILjava/lang/Object;)Ljava/lang/Class;+0 java.base@17.0.12
j  java.lang.System$2.defineClass(Ljava/lang/ClassLoader;Ljava/lang/Class;Ljava/lang/String;[BLjava/security/ProtectionDomain;ZILjava/lang/Object;)Ljava/lang/Class;+17 java.base@17.0.12
j  java.lang.invoke.MethodHandles$Lookup$ClassDefiner.defineClass(ZLjava/lang/Object;)Ljava/lang/Class;+54 java.base@17.0.12
j  java.lang.invoke.InvokerBytecodeGenerator.loadMethod([B)Ljava/lang/invoke/MemberName;+16 java.base@17.0.12
j  java.lang.invoke.InvokerBytecodeGenerator.generateCustomizedCode(Ljava/lang/invoke/LambdaForm;Ljava/lang/invoke/MethodType;)Ljava/lang/invoke/MemberName;+30 java.base@17.0.12
j  java.lang.invoke.LambdaForm.compileToBytecode()V+69 java.base@17.0.12
j  java.lang.invoke.LambdaForm.prepare()V+21 java.base@17.0.12
j  java.lang.invoke.MethodHandle.<init>(Ljava/lang/invoke/MethodType;Ljava/lang/invoke/LambdaForm;)V+33 java.base@17.0.12
j  java.lang.invoke.BoundMethodHandle.<init>(Ljava/lang/invoke/MethodType;Ljava/lang/invoke/LambdaForm;)V+3 java.base@17.0.12
j  java.lang.invoke.BoundMethodHandle$Species_L.<init>(Ljava/lang/invoke/MethodType;Ljava/lang/invoke/LambdaForm;Ljava/lang/Object;)V+3 java.base@17.0.12
j  java.lang.invoke.BoundMethodHandle$Species_L.make(Ljava/lang/invoke/MethodType;Ljava/lang/invoke/LambdaForm;Ljava/lang/Object;)Ljava/lang/invoke/BoundMethodHandle;+7 java.base@17.0.12
j  java.lang.invoke.BoundMethodHandle.bindSingle(Ljava/lang/invoke/MethodType;Ljava/lang/invoke/LambdaForm;Ljava/lang/Object;)Ljava/lang/invoke/BoundMethodHandle;+3 java.base@17.0.12
j  java.lang.invoke.SimpleMethodHandle.copyWithExtendL(Ljava/lang/invoke/MethodType;Ljava/lang/invoke/LambdaForm;Ljava/lang/Object;)Ljava/lang/invoke/BoundMethodHandle;+3 java.base@17.0.12
j  java.lang.invoke.LambdaFormEditor.bindArgumentL(Ljava/lang/invoke/BoundMethodHandle;ILjava/lang/Object;)Ljava/lang/invoke/BoundMethodHandle;+55 java.base@17.0.12
j  java.lang.invoke.BoundMethodHandle.bindArgumentL(ILjava/lang/Object;)Ljava/lang/invoke/BoundMethodHandle;+7 java.base@17.0.12
j  java.lang.invoke.MethodHandle.bindArgumentL(ILjava/lang/Object;)Ljava/lang/invoke/BoundMethodHandle;+6 java.base@17.0.12
j  java.lang.invoke.MethodHandle.bindTo(Ljava/lang/Object;)Ljava/lang/invoke/MethodHandle;+15 java.base@17.0.12
j  java.lang.invoke.MethodHandles.constant(Ljava/lang/Class;Ljava/lang/Object;)Ljava/lang/invoke/MethodHandle;+84 java.base@17.0.12
j  java.lang.invoke.InnerClassLambdaMetafactory.buildCallSite()Ljava/lang/invoke/CallSite;+143 java.base@17.0.12
j  java.lang.invoke.LambdaMetafactory.metafactory(Ljava/lang/invoke/MethodHandles$Lookup;Ljava/lang/String;Ljava/lang/invoke/MethodType;Ljava/lang/invoke/MethodType;Ljava/lang/invoke/MethodHandle;Ljava/lang/invoke/MethodType;)Ljava/lang/invoke/CallSite;+67 java.base@17.0.12
j  java.lang.invoke.DirectMethodHandle$Holder.invokeStatic(Ljava/lang/Object;Ljava/lang/Object;Ljava/lang/Object;Ljava/lang/Object;Ljava/lang/Object;Ljava/lang/Object;Ljava/lang/Object;)Ljava/lang/Object;+20 java.base@17.0.12
j  java.lang.invoke.Invokers$Holder.invokeExact_MT(Ljava/lang/Object;Ljava/lang/Object;Ljava/lang/Object;Ljava/lang/Object;Ljava/lang/Object;Ljava/lang/Object;Ljava/lang/Object;Ljava/lang/Object;)Ljava/lang/Object;+28 java.base@17.0.12
j  java.lang.invoke.BootstrapMethodInvoker.invoke(Ljava/lang/Class;Ljava/lang/invoke/MethodHandle;Ljava/lang/String;Ljava/lang/Object;Ljava/lang/Object;Ljava/lang/Class;)Ljava/lang/Object;+319 java.base@17.0.12
j  java.lang.invoke.CallSite.makeSite(Ljava/lang/invoke/MethodHandle;Ljava/lang/String;Ljava/lang/invoke/MethodType;Ljava/lang/Object;Ljava/lang/Class;)Ljava/lang/invoke/CallSite;+8 java.base@17.0.12
j  java.lang.invoke.MethodHandleNatives.linkCallSiteImpl(Ljava/lang/Class;Ljava/lang/invoke/MethodHandle;Ljava/lang/String;Ljava/lang/invoke/MethodType;Ljava/lang/Object;[Ljava/lang/Object;)Ljava/lang/invoke/MemberName;+6 java.base@17.0.12
j  java.lang.invoke.MethodHandleNatives.linkCallSite(Ljava/lang/Object;ILjava/lang/Object;Ljava/lang/Object;Ljava/lang/Object;Ljava/lang/Object;[Ljava/lang/Object;)Ljava/lang/invoke/MemberName;+46 java.base@17.0.12
v  ~StubRoutines::call_stub
j  jdk.internal.module.DefaultRoots.compute(Ljava/lang/module/ModuleFinder;Ljava/lang/module/ModuleFinder;)Ljava/util/Set;+11 java.base@17.0.12
j  jdk.internal.module.ModuleBootstrap.boot2()Ljava/lang/ModuleLayer;+727 java.base@17.0.12
j  jdk.internal.module.ModuleBootstrap.boot()Ljava/lang/ModuleLayer;+64 java.base@17.0.12
j  java.lang.System.initPhase2(ZZ)I+0 java.base@17.0.12
v  ~StubRoutines::call_stub

---------------  P R O C E S S  ---------------

Threads class SMR info:
_java_thread_list=0x0000025b7fd98960, length=10, elements={
0x0000025b6bf117a0, 0x0000025b7fd91750, 0x0000025b7fd92c40, 0x0000025b7fd9a370,
0x0000025b7fd9af30, 0x0000025b7fd9d900, 0x0000025b7fd9e2c0, 0x0000025b04e35010,
0x0000025b04e9ded0, 0x0000025b04ea0c90
}

Java Threads: ( => current thread )
=>0x0000025b6bf117a0 JavaThread "main" [_thread_in_vm, id=20756, stack(0x0000007ab0a00000,0x0000007ab0b00000)]
  0x0000025b7fd91750 JavaThread "Reference Handler" daemon [_thread_blocked, id=22252, stack(0x0000007ab0d00000,0x0000007ab0e00000)]
  0x0000025b7fd92c40 JavaThread "Finalizer" daemon [_thread_blocked, id=1028, stack(0x0000007ab0e00000,0x0000007ab0f00000)]
  0x0000025b7fd9a370 JavaThread "Signal Dispatcher" daemon [_thread_blocked, id=8596, stack(0x0000007ab0f00000,0x0000007ab1000000)]
  0x0000025b7fd9af30 JavaThread "Attach Listener" daemon [_thread_blocked, id=18020, stack(0x0000007ab1000000,0x0000007ab1100000)]
  0x0000025b7fd9d900 JavaThread "Service Thread" daemon [_thread_blocked, id=19464, stack(0x0000007ab1100000,0x0000007ab1200000)]
  0x0000025b7fd9e2c0 JavaThread "Monitor Deflation Thread" daemon [_thread_blocked, id=5000, stack(0x0000007ab1200000,0x0000007ab1300000)]
  0x0000025b04e35010 JavaThread "C2 CompilerThread0" daemon [_thread_blocked, id=16484, stack(0x0000007ab1300000,0x0000007ab1400000)]
  0x0000025b04e9ded0 JavaThread "C1 CompilerThread0" daemon [_thread_blocked, id=10776, stack(0x0000007ab1400000,0x0000007ab1500000)]
  0x0000025b04ea0c90 JavaThread "Sweeper thread" daemon [_thread_blocked, id=14040, stack(0x0000007ab1500000,0x0000007ab1600000)]

Other Threads:
  0x0000025b6bfbe6f0 VMThread "VM Thread" [stack: 0x0000007ab0c00000,0x0000007ab0d00000] [id=13344]
  0x0000025b6bf25520 GCTaskThread "GC Thread#0" [stack: 0x0000007ab0b00000,0x0000007ab0c00000] [id=1116]

Threads with active compile tasks:

VM state: not at safepoint (normal execution)

VM Mutex/Monitor currently owned by a thread:  ([mutex/lock_event])
[0x0000025b6bef7290] Metaspace_lock - owner thread: 0x0000025b6bf117a0

Heap address: 0x00000000c0000000, size: 1024 MB, Compressed Oops mode: 32-bit

CDS archive(s) not mapped
Compressed class space mapped at: 0x0000000100000000-0x0000000140000000, reserved size: 1073741824
Narrow klass base: 0x0000000000000000, Narrow klass shift: 3, Narrow klass range: 0x140000000

GC Precious Log:
 CPUs: 8 total, 8 available
 Memory: 16086M
 Large Page Support: Disabled
 NUMA Support: Disabled
 Compressed Oops: Enabled (32-bit)
 Alignments: Space 512K, Generation 512K, Heap 2M
 Heap Min Capacity: 100M
 Heap Initial Capacity: 100M
 Heap Max Capacity: 1G
 Pre-touch: Disabled
 Parallel Workers: 8

Heap:
 PSYoungGen      total 29696K, used 2048K [0x00000000eab00000, 0x00000000ecc00000, 0x0000000100000000)
  eden space 25600K, 8% used [0x00000000eab00000,0x00000000ead001d8,0x00000000ec400000)
  from space 4096K, 0% used [0x00000000ec800000,0x00000000ec800000,0x00000000ecc00000)
  to   space 4096K, 0% used [0x00000000ec400000,0x00000000ec400000,0x00000000ec800000)
 ParOldGen       total 68608K, used 0K [0x00000000c0000000, 0x00000000c4300000, 0x00000000eab00000)
  object space 68608K, 0% used [0x00000000c0000000,0x00000000c0000000,0x00000000c4300000)
 Metaspace       used 3973K, committed 4032K, reserved 1114112K
  class space    used 344K, committed 384K, reserved 1048576K

Card table byte_map: [0x0000025b6b8a0000,0x0000025b6bab0000] _byte_map_base: 0x0000025b6b2a0000

Marking Bits: (ParMarkBitMap*) 0x00007fffe94d58b0
 Begin Bits: [0x0000025b7dba0000, 0x0000025b7eba0000)
 End Bits:   [0x0000025b7eba0000, 0x0000025b7fba0000)

Polling page: 0x0000025b69e70000

Metaspace:

Usage:
  Non-class:      3.54 MB used.
      Class:    344.62 KB used.
       Both:      3.88 MB used.

Virtual space:
  Non-class space:       64.00 MB reserved,       3.56 MB (  6%) committed,  1 nodes.
      Class space:        1.00 GB reserved,     384.00 KB ( <1%) committed,  1 nodes.
             Both:        1.06 GB reserved,       3.94 MB ( <1%) committed. 

Chunk freelists:
   Non-Class:  12.00 MB
       Class:  15.62 MB
        Both:  27.62 MB

MaxMetaspaceSize: unlimited
CompressedClassSpaceSize: 1.00 GB
Initial GC threshold: 21.00 MB
Current GC threshold: 21.00 MB
CDS: off
MetaspaceReclaimPolicy: balanced
 - commit_granule_bytes: 65536.
 - commit_granule_words: 8192.
 - virtual_space_node_default_size: 8388608.
 - enlarge_chunks_in_place: 1.
 - new_chunks_are_fully_committed: 0.
 - uncommit_free_chunks: 1.
 - use_allocation_guard: 0.
 - handle_deallocations: 1.


Internal statistics:

num_allocs_failed_limit: 0.
num_arena_births: 4.
num_arena_deaths: 0.
num_vsnodes_births: 2.
num_vsnodes_deaths: 0.
num_space_committed: 63.
num_space_uncommitted: 0.
num_chunks_returned_to_freelist: 0.
num_chunks_taken_from_freelist: 4.
num_chunk_merges: 0.
num_chunk_splits: 3.
num_chunks_enlarged: 0.
num_inconsistent_stats: 0.

CodeHeap 'non-profiled nmethods': size=120000Kb used=15Kb max_used=15Kb free=119985Kb
 bounds [0x0000025b76670000, 0x0000025b768e0000, 0x0000025b7dba0000]
CodeHeap 'profiled nmethods': size=120000Kb used=50Kb max_used=50Kb free=119949Kb
 bounds [0x0000025b6eba0000, 0x0000025b6ee10000, 0x0000025b760d0000]
CodeHeap 'non-nmethods': size=5760Kb used=1078Kb max_used=1078Kb free=4681Kb
 bounds [0x0000025b760d0000, 0x0000025b76340000, 0x0000025b76670000]
 total_blobs=385 nmethods=49 adapters=251
 compilation: enabled
              stopped_count=0, restarted_count=0
 full_count=0

Compilation events (20 events):
Event: 0.457 Thread 0x0000025b04e9ded0   29       3       java.util.concurrent.ConcurrentHashMap::tabAt (22 bytes)
Event: 0.457 Thread 0x0000025b04e9ded0 nmethod 29 0x0000025b6eba7e10 code [0x0000025b6eba7fc0, 0x0000025b6eba8278]
Event: 0.457 Thread 0x0000025b04e9ded0   30       3       jdk.internal.misc.Unsafe::getReferenceAcquire (7 bytes)
Event: 0.457 Thread 0x0000025b04e9ded0 nmethod 30 0x0000025b6eba8390 code [0x0000025b6eba8520, 0x0000025b6eba8638]
Event: 0.457 Thread 0x0000025b04e9ded0   31       3       java.util.ImmutableCollections$SetN$SetNIterator::next (90 bytes)
Event: 0.457 Thread 0x0000025b04e9ded0 nmethod 31 0x0000025b6eba8710 code [0x0000025b6eba88c0, 0x0000025b6eba8be8]
Event: 0.478 Thread 0x0000025b04e9ded0   33       1       java.lang.Enum::ordinal (5 bytes)
Event: 0.478 Thread 0x0000025b04e9ded0 nmethod 33 0x0000025b76670f90 code [0x0000025b76671120, 0x0000025b766711f8]
Event: 0.480 Thread 0x0000025b04e9ded0   35       3       java.util.concurrent.ConcurrentHashMap::addCount (279 bytes)
Event: 0.481 Thread 0x0000025b04e9ded0 nmethod 35 0x0000025b6eba8d90 code [0x0000025b6eba8fe0, 0x0000025b6eba9968]
Event: 0.481 Thread 0x0000025b04e9ded0   38   !   3       java.util.concurrent.ConcurrentHashMap::putVal (433 bytes)
Event: 0.484 Thread 0x0000025b04e9ded0 nmethod 38 0x0000025b6eba9c90 code [0x0000025b6eba9fe0, 0x0000025b6ebab8e8]
Event: 0.484 Thread 0x0000025b04e9ded0   39       3       java.util.concurrent.ConcurrentHashMap$Node::<init> (20 bytes)
Event: 0.484 Thread 0x0000025b04e9ded0 nmethod 39 0x0000025b6ebac290 code [0x0000025b6ebac420, 0x0000025b6ebac5b8]
Event: 0.522 Thread 0x0000025b04e9ded0   45       1       java.lang.Class::getClassLoader0 (5 bytes)
Event: 0.522 Thread 0x0000025b04e9ded0 nmethod 45 0x0000025b76673010 code [0x0000025b766731a0, 0x0000025b76673278]
Event: 0.524 Thread 0x0000025b04e9ded0   46       3       java.lang.String::isEmpty (14 bytes)
Event: 0.524 Thread 0x0000025b04e9ded0 nmethod 46 0x0000025b6ebac690 code [0x0000025b6ebac820, 0x0000025b6ebac998]
Event: 0.538 Thread 0x0000025b04e9ded0   49       1       java.lang.invoke.MethodType::returnType (5 bytes)
Event: 0.538 Thread 0x0000025b04e9ded0 nmethod 49 0x0000025b76673910 code [0x0000025b76673aa0, 0x0000025b76673b78]

GC Heap History (0 events):
No events

Dll operation events (1 events):
Event: 0.016 Loaded shared library c:\Users\LENOVO\.vscode\extensions\redhat.java-1.35.1-win32-x64\jre\17.0.12-win32-x86_64\bin\java.dll

Deoptimization events (0 events):
No events

Classes loaded (20 events):
Event: 0.529 Loading class sun/invoke/util/Wrapper$1
Event: 0.529 Loading class sun/invoke/util/Wrapper$1 done
Event: 0.530 Loading class java/lang/invoke/LambdaFormEditor
Event: 0.534 Loading class java/lang/invoke/LambdaFormEditor done
Event: 0.534 Loading class java/lang/invoke/LambdaFormEditor$TransformKey
Event: 0.535 Loading class java/lang/invoke/LambdaFormEditor$TransformKey done
Event: 0.535 Loading class java/lang/invoke/LambdaFormBuffer
Event: 0.536 Loading class java/lang/invoke/LambdaFormBuffer done
Event: 0.536 Loading class java/lang/invoke/LambdaFormEditor$Transform
Event: 0.536 Loading class java/lang/invoke/LambdaFormEditor$Transform done
Event: 0.536 Loading class jdk/internal/org/objectweb/asm/Frame
Event: 0.537 Loading class jdk/internal/org/objectweb/asm/Frame done
Event: 0.538 Loading class java/lang/invoke/InvokerBytecodeGenerator$ClassData
Event: 0.538 Loading class java/lang/invoke/InvokerBytecodeGenerator$ClassData done
Event: 0.538 Loading class java/util/ArrayList$Itr
Event: 0.538 Loading class java/util/ArrayList$Itr done
Event: 0.538 Loading class jdk/internal/org/objectweb/asm/FieldWriter
Event: 0.538 Loading class jdk/internal/org/objectweb/asm/FieldVisitor
Event: 0.539 Loading class jdk/internal/org/objectweb/asm/FieldVisitor done
Event: 0.539 Loading class jdk/internal/org/objectweb/asm/FieldWriter done

Classes unloaded (0 events):
No events

Classes redefined (0 events):
No events

Internal exceptions (0 events):
No events

VM Operations (0 events):
No events

Events (10 events):
Event: 0.145 Thread 0x0000025b6bf117a0 Thread added: 0x0000025b6bf117a0
Event: 0.190 Thread 0x0000025b7fd91750 Thread added: 0x0000025b7fd91750
Event: 0.190 Thread 0x0000025b7fd92c40 Thread added: 0x0000025b7fd92c40
Event: 0.223 Thread 0x0000025b7fd9a370 Thread added: 0x0000025b7fd9a370
Event: 0.223 Thread 0x0000025b7fd9af30 Thread added: 0x0000025b7fd9af30
Event: 0.223 Thread 0x0000025b7fd9d900 Thread added: 0x0000025b7fd9d900
Event: 0.223 Thread 0x0000025b7fd9e2c0 Thread added: 0x0000025b7fd9e2c0
Event: 0.223 Thread 0x0000025b04e35010 Thread added: 0x0000025b04e35010
Event: 0.269 Thread 0x0000025b04e9ded0 Thread added: 0x0000025b04e9ded0
Event: 0.311 Thread 0x0000025b04ea0c90 Thread added: 0x0000025b04ea0c90


Dynamic libraries:
0x00007ff7667e0000 - 0x00007ff7667ee000 	c:\Users\LENOVO\.vscode\extensions\redhat.java-1.35.1-win32-x64\jre\17.0.12-win32-x86_64\bin\java.exe
0x00007ff843930000 - 0x00007ff843b28000 	C:\WINDOWS\SYSTEM32\ntdll.dll
0x00007ff842460000 - 0x00007ff842522000 	C:\WINDOWS\System32\KERNEL32.DLL
0x00007ff8411b0000 - 0x00007ff8414ae000 	C:\WINDOWS\System32\KERNELBASE.dll
0x00007ff83d400000 - 0x00007ff83d494000 	C:\WINDOWS\SYSTEM32\apphelp.dll
0x00007ff8414b0000 - 0x00007ff8415b0000 	C:\WINDOWS\System32\ucrtbase.dll
0x00007ff83d620000 - 0x00007ff83d637000 	c:\Users\LENOVO\.vscode\extensions\redhat.java-1.35.1-win32-x64\jre\17.0.12-win32-x86_64\bin\jli.dll
0x00007ff843560000 - 0x00007ff8436fd000 	C:\WINDOWS\System32\USER32.dll
0x00007ff8415b0000 - 0x00007ff8415d2000 	C:\WINDOWS\System32\win32u.dll
0x00007ff8427f0000 - 0x00007ff84281b000 	C:\WINDOWS\System32\GDI32.dll
0x00007ff841830000 - 0x00007ff841947000 	C:\WINDOWS\System32\gdi32full.dll
0x00007ff841670000 - 0x00007ff84170d000 	C:\WINDOWS\System32\msvcp_win.dll
0x00007ff83d640000 - 0x00007ff83d65b000 	c:\Users\LENOVO\.vscode\extensions\redhat.java-1.35.1-win32-x64\jre\17.0.12-win32-x86_64\bin\VCRUNTIME140.dll
0x00007ff8208b0000 - 0x00007ff820b4a000 	C:\WINDOWS\WinSxS\amd64_microsoft.windows.common-controls_6595b64144ccf1df_6.0.19041.4355_none_60b8b9eb71f62e16\COMCTL32.dll
0x00007ff843380000 - 0x00007ff84341e000 	C:\WINDOWS\System32\msvcrt.dll
0x00007ff842430000 - 0x00007ff84245f000 	C:\WINDOWS\System32\IMM32.DLL
0x00007ff83ce60000 - 0x00007ff83ce6c000 	c:\Users\LENOVO\.vscode\extensions\redhat.java-1.35.1-win32-x64\jre\17.0.12-win32-x86_64\bin\vcruntime140_1.dll
0x00007ff820080000 - 0x00007ff82010d000 	c:\Users\LENOVO\.vscode\extensions\redhat.java-1.35.1-win32-x64\jre\17.0.12-win32-x86_64\bin\msvcp140.dll
0x00007fffe8930000 - 0x00007fffe959a000 	c:\Users\LENOVO\.vscode\extensions\redhat.java-1.35.1-win32-x64\jre\17.0.12-win32-x86_64\bin\server\jvm.dll
0x00007ff843700000 - 0x00007ff8437b2000 	C:\WINDOWS\System32\ADVAPI32.dll
0x00007ff841ad0000 - 0x00007ff841b70000 	C:\WINDOWS\System32\sechost.dll
0x00007ff842530000 - 0x00007ff842653000 	C:\WINDOWS\System32\RPCRT4.dll
0x00007ff840fd0000 - 0x00007ff840ff7000 	C:\WINDOWS\System32\bcrypt.dll
0x00007ff8429d0000 - 0x00007ff842a3b000 	C:\WINDOWS\System32\WS2_32.dll
0x00007ff840e30000 - 0x00007ff840e7b000 	C:\WINDOWS\SYSTEM32\POWRPROF.dll
0x00007ff83dbd0000 - 0x00007ff83dbf7000 	C:\WINDOWS\SYSTEM32\WINMM.dll
0x00007ff83b670000 - 0x00007ff83b67a000 	C:\WINDOWS\SYSTEM32\VERSION.dll
0x00007ff840e10000 - 0x00007ff840e22000 	C:\WINDOWS\SYSTEM32\UMPDC.dll
0x00007ff83f7b0000 - 0x00007ff83f7c2000 	C:\WINDOWS\SYSTEM32\kernel.appcore.dll
0x00007ff83b3e0000 - 0x00007ff83b3ea000 	c:\Users\LENOVO\.vscode\extensions\redhat.java-1.35.1-win32-x64\jre\17.0.12-win32-x86_64\bin\jimage.dll
0x00007ff83eb80000 - 0x00007ff83ed64000 	C:\WINDOWS\SYSTEM32\DBGHELP.DLL
0x00007ff83db70000 - 0x00007ff83dba4000 	C:\WINDOWS\SYSTEM32\dbgcore.DLL
0x00007ff8415e0000 - 0x00007ff841662000 	C:\WINDOWS\System32\bcryptPrimitives.dll
0x00007ff83b3f0000 - 0x00007ff83b3fe000 	c:\Users\LENOVO\.vscode\extensions\redhat.java-1.35.1-win32-x64\jre\17.0.12-win32-x86_64\bin\instrument.dll
0x00007ff83a3d0000 - 0x00007ff83a3f5000 	c:\Users\LENOVO\.vscode\extensions\redhat.java-1.35.1-win32-x64\jre\17.0.12-win32-x86_64\bin\java.dll
0x00007ff839c50000 - 0x00007ff839c68000 	c:\Users\LENOVO\.vscode\extensions\redhat.java-1.35.1-win32-x64\jre\17.0.12-win32-x86_64\bin\zip.dll
0x00007ff841bd0000 - 0x00007ff84233f000 	C:\WINDOWS\System32\SHELL32.dll
0x00007ff83eff0000 - 0x00007ff83f794000 	C:\WINDOWS\SYSTEM32\windows.storage.dll
0x00007ff842ec0000 - 0x00007ff843213000 	C:\WINDOWS\System32\combase.dll
0x00007ff840930000 - 0x00007ff84095e000 	C:\WINDOWS\SYSTEM32\Wldp.dll
0x00007ff843240000 - 0x00007ff84330d000 	C:\WINDOWS\System32\OLEAUT32.dll
0x00007ff8434a0000 - 0x00007ff84354d000 	C:\WINDOWS\System32\SHCORE.dll
0x00007ff842340000 - 0x00007ff842395000 	C:\WINDOWS\System32\shlwapi.dll
0x00007ff840f00000 - 0x00007ff840f24000 	C:\WINDOWS\SYSTEM32\profapi.dll

dbghelp: loaded successfully - version: 4.0.5 - missing functions: none
symbol engine: initialized successfully - sym options: 0x614 - pdb path: .;c:\Users\LENOVO\.vscode\extensions\redhat.java-1.35.1-win32-x64\jre\17.0.12-win32-x86_64\bin;C:\WINDOWS\SYSTEM32;C:\WINDOWS\WinSxS\amd64_microsoft.windows.common-controls_6595b64144ccf1df_6.0.19041.4355_none_60b8b9eb71f62e16;c:\Users\LENOVO\.vscode\extensions\redhat.java-1.35.1-win32-x64\jre\17.0.12-win32-x86_64\bin\server

VM Arguments:
jvm_args: --add-modules=ALL-SYSTEM --add-opens=java.base/java.util=ALL-UNNAMED --add-opens=java.base/java.lang=ALL-UNNAMED --add-opens=java.base/sun.nio.fs=ALL-UNNAMED -Declipse.application=org.eclipse.jdt.ls.core.id1 -Dosgi.bundles.defaultStartLevel=4 -Declipse.product=org.eclipse.jdt.ls.core.product -Djava.import.generatesMetadataFilesAtProjectRoot=false -DDetectVMInstallationsJob.disabled=true -Dfile.encoding=utf8 -XX:+UseParallelGC -XX:GCTimeRatio=4 -XX:AdaptiveSizePolicyWeight=90 -Dsun.zip.disableMemoryMapping=true -Xmx1G -Xms100m -Xlog:disable -javaagent:c:\Users\LENOVO\.vscode\extensions\redhat.java-1.35.1-win32-x64\lombok\lombok-1.18.33.jar -XX:+HeapDumpOnOutOfMemoryError -XX:HeapDumpPath=c:\Users\LENOVO\AppData\Roaming\Code\User\workspaceStorage\fa2b85ac37f91556cf18506fa7a057c1\redhat.java -Daether.dependencyCollector.impl=bf 
java_command: c:\Users\LENOVO\.vscode\extensions\redhat.java-1.35.1-win32-x64\server\plugins\org.eclipse.equinox.launcher_1.6.900.v20240613-2009.jar -configuration c:\Users\LENOVO\AppData\Roaming\Code\User\globalStorage\redhat.java\1.35.1\config_win -data c:\Users\LENOVO\AppData\Roaming\Code\User\workspaceStorage\fa2b85ac37f91556cf18506fa7a057c1\redhat.java\jdt_ws --pipe=\\.\pipe\lsp-be899caa05c44a007209fca4cdaac483-sock
java_class_path (initial): c:\Users\LENOVO\.vscode\extensions\redhat.java-1.35.1-win32-x64\server\plugins\org.eclipse.equinox.launcher_1.6.900.v20240613-2009.jar
Launcher Type: SUN_STANDARD

[Global flags]
    uintx AdaptiveSizePolicyWeight                 = 90                                        {product} {command line}
     intx CICompilerCount                          = 4                                         {product} {ergonomic}
    uintx GCTimeRatio                              = 4                                         {product} {command line}
     bool HeapDumpOnOutOfMemoryError               = true                                   {manageable} {command line}
    ccstr HeapDumpPath                             = c:\Users\LENOVO\AppData\Roaming\Code\User\workspaceStorage\fa2b85ac37f91556cf18506fa7a057c1\redhat.java         {manageable} {command line}
   size_t InitialHeapSize                          = 104857600                                 {product} {command line}
   size_t MaxHeapSize                              = 1073741824                                {product} {command line}
   size_t MaxNewSize                               = 357564416                                 {product} {ergonomic}
   size_t MinHeapDeltaBytes                        = 524288                                    {product} {ergonomic}
   size_t MinHeapSize                              = 104857600                                 {product} {command line}
   size_t NewSize                                  = 34603008                                  {product} {ergonomic}
    uintx NonNMethodCodeHeapSize                   = 5839372                                {pd product} {ergonomic}
    uintx NonProfiledCodeHeapSize                  = 122909434                              {pd product} {ergonomic}
   size_t OldSize                                  = 70254592                                  {product} {ergonomic}
    uintx ProfiledCodeHeapSize                     = 122909434                              {pd product} {ergonomic}
    uintx ReservedCodeCacheSize                    = 251658240                              {pd product} {ergonomic}
     bool SegmentedCodeCache                       = true                                      {product} {ergonomic}
   size_t SoftMaxHeapSize                          = 1073741824                             {manageable} {ergonomic}
     bool UseCompressedClassPointers               = true                           {product lp64_product} {ergonomic}
     bool UseCompressedOops                        = true                           {product lp64_product} {ergonomic}
     bool UseLargePagesIndividualAllocation        = false                                  {pd product} {ergonomic}
     bool UseParallelGC                            = true                                      {product} {command line}

Logging:
Log output configuration:
 #0: stdout all=off uptime,level,tags
 #1: stderr all=off uptime,level,tags

Environment Variables:
JAVA_HOME=C:\Program Files\Java\jdk-17
PATH=C:\Program Files\Common Files\Oracle\Java\javapath;C:\Program Files\Microsoft MPI\Bin\;C:\WINDOWS\system32;C:\WINDOWS;C:\WINDOWS\System32\Wbem;C:\WINDOWS\System32\WindowsPowerShell\v1.0\;C:\WINDOWS\System32\OpenSSH\;C:\Program Files\Microsoft SQL Server\Client SDK\ODBC\130\Tools\Binn\;C:\Program Files\Azure Data Studio\bin;C:\Program Files\MongoDB\Server\5.0\bin;C:\Program Files\MongoDB\Tools\100\bin;C:\Program Files\Microsoft SQL Server\Client SDK\ODBC\170\Tools\Binn\;C:\Program Files (x86)\Microsoft SQL Server\150\Tools\Binn\;C:\Program Files\Microsoft SQL Server\150\Tools\Binn\;C:\Program Files\Microsoft SQL Server\150\DTS\Binn\;C:\Program Files (x86)\Microsoft SQL Server\150\DTS\Binn\;C:\Program Files\Java\jdk-17\bin;C:\Program Files\dotnet\;C:\gradle-8.2.1\bin\;C:\apache-maven-3.9.4\bin\;C:\Program Files\TortoiseGit\bin;C:\Program Files\Docker\Docker\resources\bin;C:\kafka\bin;C:\Program Files\Git\cmd;C:\Program Files\MySQL\MySQL Server 8.0\bin;C:\Users\LENOVO\AppData\Roaming\nvm;C:\Program Files\nodejs;C:\Program Files\MySQL\MySQL Shell 8.0\bin\;C:\Users\LENOVO\AppData\Local\Programs\Python\Python311\Scripts\;C:\Users\LENOVO\AppData\Local\Programs\Python\Python311\;C:\Users\LENOVO\AppData\Local\Microsoft\WindowsApps;C:\Program Files\Azure Data Studio\bin;C:\Program Files\Azure Data Studio\bin;C:\Program Files\Azure Data Studio\bin;C:\Program Files\Azure Data Studio\bin;C:\Users\LENOVO\AppData\Local\Programs\mongosh\;C:\Users\LENOVO\AppData\Local\Programs\Microsoft VS Code\bin;C:\Users\LENOVO\AppData\Roaming\npm;C:\Program Files\JetBrains\IntelliJ IDEA 2023.2.1\bin;;C:\Users\LENOVO\.dotnet\tools;C:\Users\LENOVO\AppData\Local\Google\Cloud SDK\google-cloud-sdk\bin;C:\Users\LENOVO\AppData\Roaming\nvm;C:\Program Files\nodejs
USERNAME=LENOVO
OS=Windows_NT
PROCESSOR_IDENTIFIER=Intel64 Family 6 Model 126 Stepping 5, GenuineIntel
TMP=C:\Users\LENOVO\AppData\Local\Temp
TEMP=C:\Users\LENOVO\AppData\Local\Temp



Periodic native trim disabled


---------------  S Y S T E M  ---------------

OS:
 Windows 10 , 64 bit Build 19041 (10.0.19041.4957)
OS uptime: 4 days 19:44 hours
Hyper-V role detected

CPU: total 8 (initial active 8) (4 cores per cpu, 2 threads per core) family 6 model 126 stepping 5 microcode 0xa0, cx8, cmov, fxsr, ht, mmx, 3dnowpref, sse, sse2, sse3, ssse3, sse4.1, sse4.2, popcnt, lzcnt, tsc, tscinvbit, avx, avx2, aes, erms, clmul, bmi1, bmi2, adx, avx512f, avx512dq, avx512cd, avx512bw, avx512vl, sha, fma, vzeroupper, avx512_vpopcntdq, avx512_vpclmulqdq, avx512_vaes, avx512_vnni, clflush, clflushopt, avx512_vbmi2, avx512_vbmi, hv
Processor Information for all 8 processors :
  Max Mhz: 1190, Current Mhz: 991, Mhz Limit: 987

Memory: 4k page, system-wide physical 16086M (1771M free)
TotalPageFile size 24086M (AvailPageFile size 254M)
current process WorkingSet (physical memory assigned to process): 28M, peak: 28M
current process commit charge ("private bytes"): 182M, peak: 182M

vm_info: OpenJDK 64-Bit Server VM (17.0.12+7) for windows-amd64 JRE (17.0.12+7), built on Jul 16 2024 22:08:24 by "admin" with MS VC++ 16.10 / 16.11 (VS2019)

END.
